<?xml version="1.0" encoding="UTF-8"?>
<testsuite name="WordTest" tests="3" skipped="0" failures="0" errors="0" timestamp="2015-08-21T16:43:47" hostname="epicodus-106.local" time="0.002">
  <properties/>
  <testcase name="Word_returnsWordId" classname="WordTest" time="0.001"/>
  <testcase name="Word_getsCorrectWord_Summer" classname="WordTest" time="0.0"/>
  <testcase name="Word_instantiatesCorrectly_true" classname="WordTest" time="0.0"/>
  <system-out><![CDATA[]]></system-out>
  <system-err><![CDATA[]]></system-err>
</testsuite>
